<?xml version="1.0" encoding="UTF-8"?>
<!-- Generated by org.testng.reporters.JUnitXMLReporter -->
<testsuite hostname="aruntomar-PC" ignored="0" name="OrangeHRMTest" tests="5" failures="0" timestamp="25 May 2019 13:09:26 GMT" time="53.79" errors="0">
  <testcase name="loginpageTitleTest" time="0.016" classname="com.openhrm.qa.testcases.LoginPageTest"/>
  <testcase name="userValidateTest" time="0.061" classname="com.openhrm.qa.testcases.HomePageTest"/>
  <testcase name="loginpagelogoTest" time="0.057" classname="com.openhrm.qa.testcases.LoginPageTest"/>
  <testcase name="admintabClickTest" time="2.425" classname="com.openhrm.qa.testcases.HomePageTest"/>
  <testcase name="loginTest" time="1.922" classname="com.openhrm.qa.testcases.LoginPageTest"/>
</testsuite> <!-- OrangeHRMTest -->
