<?xml version="1.0" encoding="UTF-8"?>
<!-- Generated by org.testng.reporters.JUnitXMLReporter -->
<testsuite hostname="hp-PC" ignored="0" name="OrangeHRMTest" tests="3" failures="0" timestamp="26 Apr 2020 13:35:34 GMT" time="73.064" errors="0">
  <testcase name="loginpageTitleTest" time="0.01" classname="com.openhrm.qa.testcases.LoginPageTest"/>
  <testcase name="loginpagelogoTest" time="0.412" classname="com.openhrm.qa.testcases.LoginPageTest"/>
  <testcase name="loginTest" time="1.726" classname="com.openhrm.qa.testcases.LoginPageTest"/>
</testsuite> <!-- OrangeHRMTest -->
