<?xml version="1.0" encoding="UTF-8"?>
<!-- Generated by org.testng.reporters.JUnitXMLReporter -->
<testsuite hostname="aruntomar-PC" ignored="0" name="OrangeHRMTest" tests="5" failures="0" timestamp="11 Apr 2019 01:21:22 GMT" time="63.215" errors="0">
  <testcase name="loginpageTitleTest" time="0.03" classname="com.openhrm.qa.testcases.LoginPageTest"/>
  <testcase name="userValidateTest" time="0.153" classname="com.openhrm.qa.testcases.HomePageTest"/>
  <testcase name="loginpagelogoTest" time="0.081" classname="com.openhrm.qa.testcases.LoginPageTest"/>
  <testcase name="admintabClickTest" time="2.373" classname="com.openhrm.qa.testcases.HomePageTest"/>
  <testcase name="loginTest" time="1.873" classname="com.openhrm.qa.testcases.LoginPageTest"/>
</testsuite> <!-- OrangeHRMTest -->
