<?xml version="1.0" encoding="UTF-8"?>
<testng-results skipped="0" failed="0" ignored="0" total="3" passed="3">
  <reporter-output>
  </reporter-output>
  <suite name="OrangeHRMAutomationTestSuit" duration-ms="73064" started-at="2020-04-26T13:34:21Z" finished-at="2020-04-26T13:35:34Z">
    <groups>
    </groups>
    <test name="OrangeHRMTest" duration-ms="73064" started-at="2020-04-26T13:34:21Z" finished-at="2020-04-26T13:35:34Z">
      <class name="com.openhrm.qa.testcases.LoginPageTest">
        <test-method status="PASS" signature="setUp()[pri:0, instance:com.openhrm.qa.testcases.LoginPageTest@5c5eefef]" name="setUp" is-config="true" duration-ms="24077" started-at="2020-04-26T13:34:21Z" finished-at="2020-04-26T13:34:45Z">
          <reporter-output>
          </reporter-output>
        </test-method> <!-- setUp -->
        <test-method status="PASS" signature="loginpageTitleTest()[pri:1, instance:com.openhrm.qa.testcases.LoginPageTest@5c5eefef]" name="loginpageTitleTest" duration-ms="10" started-at="2020-04-26T13:34:45Z" finished-at="2020-04-26T13:34:45Z">
          <reporter-output>
          </reporter-output>
        </test-method> <!-- loginpageTitleTest -->
        <test-method status="PASS" signature="tearDown()[pri:0, instance:com.openhrm.qa.testcases.LoginPageTest@5c5eefef]" name="tearDown" is-config="true" duration-ms="7867" started-at="2020-04-26T13:34:45Z" finished-at="2020-04-26T13:34:53Z">
          <reporter-output>
          </reporter-output>
        </test-method> <!-- tearDown -->
        <test-method status="PASS" signature="setUp()[pri:0, instance:com.openhrm.qa.testcases.LoginPageTest@5c5eefef]" name="setUp" is-config="true" duration-ms="15753" started-at="2020-04-26T13:34:53Z" finished-at="2020-04-26T13:35:08Z">
          <reporter-output>
          </reporter-output>
        </test-method> <!-- setUp -->
        <test-method status="PASS" signature="loginpagelogoTest()[pri:2, instance:com.openhrm.qa.testcases.LoginPageTest@5c5eefef]" name="loginpagelogoTest" duration-ms="412" started-at="2020-04-26T13:35:08Z" finished-at="2020-04-26T13:35:09Z">
          <reporter-output>
          </reporter-output>
        </test-method> <!-- loginpagelogoTest -->
        <test-method status="PASS" signature="tearDown()[pri:0, instance:com.openhrm.qa.testcases.LoginPageTest@5c5eefef]" name="tearDown" is-config="true" duration-ms="5065" started-at="2020-04-26T13:35:09Z" finished-at="2020-04-26T13:35:14Z">
          <reporter-output>
          </reporter-output>
        </test-method> <!-- tearDown -->
        <test-method status="PASS" signature="setUp()[pri:0, instance:com.openhrm.qa.testcases.LoginPageTest@5c5eefef]" name="setUp" is-config="true" duration-ms="13913" started-at="2020-04-26T13:35:14Z" finished-at="2020-04-26T13:35:28Z">
          <reporter-output>
          </reporter-output>
        </test-method> <!-- setUp -->
        <test-method status="PASS" signature="loginTest()[pri:3, instance:com.openhrm.qa.testcases.LoginPageTest@5c5eefef]" name="loginTest" duration-ms="1726" started-at="2020-04-26T13:35:28Z" finished-at="2020-04-26T13:35:30Z">
          <reporter-output>
          </reporter-output>
        </test-method> <!-- loginTest -->
        <test-method status="PASS" signature="tearDown()[pri:0, instance:com.openhrm.qa.testcases.LoginPageTest@5c5eefef]" name="tearDown" is-config="true" duration-ms="4190" started-at="2020-04-26T13:35:30Z" finished-at="2020-04-26T13:35:34Z">
          <reporter-output>
          </reporter-output>
        </test-method> <!-- tearDown -->
      </class> <!-- com.openhrm.qa.testcases.LoginPageTest -->
    </test> <!-- OrangeHRMTest -->
  </suite> <!-- OrangeHRMAutomationTestSuit -->
</testng-results>
